# JRE version: Java(TM) SE Runtime Environment (8.0_73-b02) (build 1.8.0_73-b02)
# Java VM: Java HotSpot(TM) 64-Bit Server VM (25.73-b02 mixed mode windows-amd64 compressed oops)
Heap:
 PSYoungGen      total 78336K, used 74043K [0x00000000eab00000, 0x00000000f1b80000, 0x0000000100000000)
  eden space 71680K, 100% used [0x00000000eab00000,0x00000000ef100000,0x00000000ef100000)
  from space 6656K, 35% used [0x00000000ef100000,0x00000000ef34eeb0,0x00000000ef780000)
  to   space 6144K, 66% used [0x00000000f1580000,0x00000000f197d010,0x00000000f1b80000)
 ParOldGen       total 30720K, used 10124K [0x00000000c0000000, 0x00000000c1e00000, 0x00000000eab00000)
  object space 30720K, 32% used [0x00000000c0000000,0x00000000c09e32b8,0x00000000c1e00000)
 Metaspace       used 27516K, capacity 28092K, committed 28288K, reserved 1073152K
  class space    used 3711K, capacity 3869K, committed 3968K, reserved 1048576K
GC Heap History (10 events):
Event: 20.796 GC heap after
Heap after GC invocations=8 (full 1):
 PSYoungGen      total 35840K, used 0K [0x00000000eab00000, 0x00000000ef100000, 0x0000000100000000)
  eden space 29696K, 0% used [0x00000000eab00000,0x00000000eab00000,0x00000000ec800000)
  from space 6144K, 0% used [0x00000000ec800000,0x00000000ec800000,0x00000000ece00000)
  to   space 6144K, 0% used [0x00000000eeb00000,0x00000000eeb00000,0x00000000ef100000)
 ParOldGen       total 30720K, used 7836K [0x00000000c0000000, 0x00000000c1e00000, 0x00000000eab00000)
  object space 30720K, 25% used [0x00000000c0000000,0x00000000c07a7278,0x00000000c1e00000)
 Metaspace       used 20783K, capacity 21116K, committed 21296K, reserved 1067008K
  class space    used 2724K, capacity 2858K, committed 2944K, reserved 1048576K
}
Event: 21.243 GC heap before
{Heap before GC invocations=9 (full 1):
 PSYoungGen      total 35840K, used 29696K [0x00000000eab00000, 0x00000000ef100000, 0x0000000100000000)
  eden space 29696K, 100% used [0x00000000eab00000,0x00000000ec800000,0x00000000ec800000)
  from space 6144K, 0% used [0x00000000ec800000,0x00000000ec800000,0x00000000ece00000)
  to   space 6144K, 0% used [0x00000000eeb00000,0x00000000eeb00000,0x00000000ef100000)
 ParOldGen       total 30720K, used 7836K [0x00000000c0000000, 0x00000000c1e00000, 0x00000000eab00000)
  object space 30720K, 25% used [0x00000000c0000000,0x00000000c07a7278,0x00000000c1e00000)
 Metaspace       used 21052K, capacity 21468K, committed 21632K, reserved 1069056K
  class space    used 2754K, capacity 2890K, committed 2944K, reserved 1048576K
Event: 21.250 GC heap after
Heap after GC invocations=9 (full 1):
 PSYoungGen      total 51200K, used 756K [0x00000000eab00000, 0x00000000eec00000, 0x0000000100000000)
  eden space 50176K, 0% used [0x00000000eab00000,0x00000000eab00000,0x00000000edc00000)
  from space 1024K, 73% used [0x00000000eeb00000,0x00000000eebbd040,0x00000000eec00000)
  to   space 6656K, 0% used [0x00000000edf00000,0x00000000edf00000,0x00000000ee580000)
 ParOldGen       total 30720K, used 7844K [0x00000000c0000000, 0x00000000c1e00000, 0x00000000eab00000)
  object space 30720K, 25% used [0x00000000c0000000,0x00000000c07a9278,0x00000000c1e00000)
 Metaspace       used 21052K, capacity 21468K, committed 21632K, reserved 1069056K
  class space    used 2754K, capacity 2890K, committed 2944K, reserved 1048576K
}
Event: 22.098 GC heap before
{Heap before GC invocations=10 (full 1):
 PSYoungGen      total 51200K, used 50932K [0x00000000eab00000, 0x00000000eec00000, 0x0000000100000000)
  eden space 50176K, 100% used [0x00000000eab00000,0x00000000edc00000,0x00000000edc00000)
  from space 1024K, 73% used [0x00000000eeb00000,0x00000000eebbd040,0x00000000eec00000)
  to   space 6656K, 0% used [0x00000000edf00000,0x00000000edf00000,0x00000000ee580000)
 ParOldGen       total 30720K, used 7844K [0x00000000c0000000, 0x00000000c1e00000, 0x00000000eab00000)
  object space 30720K, 25% used [0x00000000c0000000,0x00000000c07a9278,0x00000000c1e00000)
 Metaspace       used 21142K, capacity 21532K, committed 21632K, reserved 1069056K
  class space    used 2755K, capacity 2890K, committed 2944K, reserved 1048576K
Event: 22.115 GC heap after
Heap after GC invocations=10 (full 1):
 PSYoungGen      total 59904K, used 1408K [0x00000000eab00000, 0x00000000efe00000, 0x0000000100000000)
  eden space 53248K, 0% used [0x00000000eab00000,0x00000000eab00000,0x00000000edf00000)
  from space 6656K, 21% used [0x00000000edf00000,0x00000000ee060030,0x00000000ee580000)
  to   space 6656K, 0% used [0x00000000ef780000,0x00000000ef780000,0x00000000efe00000)
 ParOldGen       total 30720K, used 7852K [0x00000000c0000000, 0x00000000c1e00000, 0x00000000eab00000)
  object space 30720K, 25% used [0x00000000c0000000,0x00000000c07ab278,0x00000000c1e00000)
 Metaspace       used 21142K, capacity 21532K, committed 21632K, reserved 1069056K
  class space    used 2755K, capacity 2890K, committed 2944K, reserved 1048576K
}
Event: 22.802 GC heap before
{Heap before GC invocations=11 (full 1):
 PSYoungGen      total 59904K, used 54656K [0x00000000eab00000, 0x00000000efe00000, 0x0000000100000000)
  eden space 53248K, 100% used [0x00000000eab00000,0x00000000edf00000,0x00000000edf00000)
  from space 6656K, 21% used [0x00000000edf00000,0x00000000ee060030,0x00000000ee580000)
  to   space 6656K, 0% used [0x00000000ef780000,0x00000000ef780000,0x00000000efe00000)
 ParOldGen       total 30720K, used 7852K [0x00000000c0000000, 0x00000000c1e00000, 0x00000000eab00000)
  object space 30720K, 25% used [0x00000000c0000000,0x00000000c07ab278,0x00000000c1e00000)
 Metaspace       used 21143K, capacity 21532K, committed 21632K, reserved 1069056K
  class space    used 2755K, capacity 2890K, committed 2944K, reserved 1048576K
Event: 22.809 GC heap after
Heap after GC invocations=11 (full 1):
 PSYoungGen      total 78336K, used 1280K [0x00000000eab00000, 0x00000000f0180000, 0x0000000100000000)
  eden space 71680K, 0% used [0x00000000eab00000,0x00000000eab00000,0x00000000ef100000)
  from space 6656K, 19% used [0x00000000ef780000,0x00000000ef8c0030,0x00000000efe00000)
  to   space 6656K, 0% used [0x00000000ef100000,0x00000000ef100000,0x00000000ef780000)
 ParOldGen       total 30720K, used 8404K [0x00000000c0000000, 0x00000000c1e00000, 0x00000000eab00000)
  object space 30720K, 27% used [0x00000000c0000000,0x00000000c0835298,0x00000000c1e00000)
 Metaspace       used 21143K, capacity 21532K, committed 21632K, reserved 1069056K
  class space    used 2755K, capacity 2890K, committed 2944K, reserved 1048576K
}
Event: 24.009 GC heap before
{Heap before GC invocations=12 (full 1):
 PSYoungGen      total 78336K, used 72960K [0x00000000eab00000, 0x00000000f0180000, 0x0000000100000000)
  eden space 71680K, 100% used [0x00000000eab00000,0x00000000ef100000,0x00000000ef100000)
  from space 6656K, 19% used [0x00000000ef780000,0x00000000ef8c0030,0x00000000efe00000)
  to   space 6656K, 0% used [0x00000000ef100000,0x00000000ef100000,0x00000000ef780000)
 ParOldGen       total 30720K, used 8404K [0x00000000c0000000, 0x00000000c1e00000, 0x00000000eab00000)
  object space 30720K, 27% used [0x00000000c0000000,0x00000000c0835298,0x00000000c1e00000)
 Metaspace       used 22314K, capacity 22760K, committed 23040K, reserved 1069056K
  class space    used 2862K, capacity 3020K, committed 3072K, reserved 1048576K
Event: 24.043 GC heap after
Heap after GC invocations=12 (full 1):
 PSYoungGen      total 78336K, used 2363K [0x00000000eab00000, 0x00000000f1b80000, 0x0000000100000000)
  eden space 71680K, 0% used [0x00000000eab00000,0x00000000eab00000,0x00000000ef100000)
  from space 6656K, 35% used [0x00000000ef100000,0x00000000ef34eeb0,0x00000000ef780000)
  to   space 6144K, 0% used [0x00000000f1580000,0x00000000f1580000,0x00000000f1b80000)
 ParOldGen       total 30720K, used 9612K [0x00000000c0000000, 0x00000000c1e00000, 0x00000000eab00000)
  object space 30720K, 31% used [0x00000000c0000000,0x00000000c09632b8,0x00000000c1e00000)
 Metaspace       used 22314K, capacity 22760K, committed 23040K, reserved 1069056K
  class space    used 2862K, capacity 3020K, committed 3072K, reserved 1048576K
}
Event: 29.066 GC heap before
{Heap before GC invocations=13 (full 1):
 PSYoungGen      total 78336K, used 74043K [0x00000000eab00000, 0x00000000f1b80000, 0x0000000100000000)
  eden space 71680K, 100% used [0x00000000eab00000,0x00000000ef100000,0x00000000ef100000)
  from space 6656K, 35% used [0x00000000ef100000,0x00000000ef34eeb0,0x00000000ef780000)
  to   space 6144K, 0% used [0x00000000f1580000,0x00000000f1580000,0x00000000f1b80000)
 ParOldGen       total 30720K, used 9612K [0x00000000c0000000, 0x00000000c1e00000, 0x00000000eab00000)
  object space 30720K, 31% used [0x00000000c0000000,0x00000000c09632b8,0x00000000c1e00000)
 Metaspace       used 27516K, capacity 28092K, committed 28288K, reserved 1073152K
  class space    used 3711K, capacity 3869K, committed 3968K, reserved 1048576K

