# JRE version: Java(TM) SE Runtime Environment (8.0_73-b02) (build 1.8.0_73-b02)
# Java VM: Java HotSpot(TM) 64-Bit Server VM (25.73-b02 mixed mode windows-amd64 compressed oops)
Heap:
 PSYoungGen      total 145920K, used 143082K [0x00000000eab00000, 0x00000000f6d00000, 0x0000000100000000)
  eden space 130560K, 100% used [0x00000000eab00000,0x00000000f2a80000,0x00000000f2a80000)
  from space 15360K, 81% used [0x00000000f2a80000,0x00000000f36bab70,0x00000000f3980000)
  to   space 16896K, 9% used [0x00000000f5c80000,0x00000000f5e20040,0x00000000f6d00000)
 ParOldGen       total 46592K, used 39505K [0x00000000c0000000, 0x00000000c2d80000, 0x00000000eab00000)
  object space 46592K, 84% used [0x00000000c0000000,0x00000000c26945c8,0x00000000c2d80000)
 Metaspace       used 47098K, capacity 49208K, committed 49280K, reserved 1091584K
  class space    used 6458K, capacity 6979K, committed 7040K, reserved 1048576K
GC Heap History (10 events):
Event: 66.846 GC heap after
Heap after GC invocations=22 (full 2):
 PSYoungGen      total 110080K, used 8689K [0x00000000eab00000, 0x00000000f2400000, 0x0000000100000000)
  eden space 101376K, 0% used [0x00000000eab00000,0x00000000eab00000,0x00000000f0e00000)
  from space 8704K, 99% used [0x00000000f1b80000,0x00000000f23fc510,0x00000000f2400000)
  to   space 11264K, 0% used [0x00000000f0e00000,0x00000000f0e00000,0x00000000f1900000)
 ParOldGen       total 46592K, used 19241K [0x00000000c0000000, 0x00000000c2d80000, 0x00000000eab00000)
  object space 46592K, 41% used [0x00000000c0000000,0x00000000c12ca6d0,0x00000000c2d80000)
 Metaspace       used 37693K, capacity 38580K, committed 38912K, reserved 1083392K
  class space    used 5075K, capacity 5285K, committed 5376K, reserved 1048576K
}
Event: 70.973 GC heap before
{Heap before GC invocations=23 (full 2):
 PSYoungGen      total 110080K, used 110065K [0x00000000eab00000, 0x00000000f2400000, 0x0000000100000000)
  eden space 101376K, 100% used [0x00000000eab00000,0x00000000f0e00000,0x00000000f0e00000)
  from space 8704K, 99% used [0x00000000f1b80000,0x00000000f23fc510,0x00000000f2400000)
  to   space 11264K, 0% used [0x00000000f0e00000,0x00000000f0e00000,0x00000000f1900000)
 ParOldGen       total 46592K, used 19241K [0x00000000c0000000, 0x00000000c2d80000, 0x00000000eab00000)
  object space 46592K, 41% used [0x00000000c0000000,0x00000000c12ca6d0,0x00000000c2d80000)
 Metaspace       used 41229K, capacity 42252K, committed 42368K, reserved 1085440K
  class space    used 5660K, capacity 5913K, committed 6016K, reserved 1048576K
Event: 71.057 GC heap after
Heap after GC invocations=23 (full 2):
 PSYoungGen      total 112640K, used 11248K [0x00000000eab00000, 0x00000000f4a80000, 0x0000000100000000)
  eden space 101376K, 0% used [0x00000000eab00000,0x00000000eab00000,0x00000000f0e00000)
  from space 11264K, 99% used [0x00000000f0e00000,0x00000000f18fc010,0x00000000f1900000)
  to   space 16384K, 0% used [0x00000000f3a80000,0x00000000f3a80000,0x00000000f4a80000)
 ParOldGen       total 46592K, used 27576K [0x00000000c0000000, 0x00000000c2d80000, 0x00000000eab00000)
  object space 46592K, 59% used [0x00000000c0000000,0x00000000c1aee048,0x00000000c2d80000)
 Metaspace       used 41229K, capacity 42252K, committed 42368K, reserved 1085440K
  class space    used 5660K, capacity 5913K, committed 6016K, reserved 1048576K
}
Event: 73.072 GC heap before
{Heap before GC invocations=24 (full 2):
 PSYoungGen      total 112640K, used 52296K [0x00000000eab00000, 0x00000000f4a80000, 0x0000000100000000)
  eden space 101376K, 40% used [0x00000000eab00000,0x00000000ed3161b0,0x00000000f0e00000)
  from space 11264K, 99% used [0x00000000f0e00000,0x00000000f18fc010,0x00000000f1900000)
  to   space 16384K, 0% used [0x00000000f3a80000,0x00000000f3a80000,0x00000000f4a80000)
 ParOldGen       total 46592K, used 27576K [0x00000000c0000000, 0x00000000c2d80000, 0x00000000eab00000)
  object space 46592K, 59% used [0x00000000c0000000,0x00000000c1aee048,0x00000000c2d80000)
 Metaspace       used 42833K, capacity 44450K, committed 44544K, reserved 1087488K
  class space    used 5918K, capacity 6313K, committed 6400K, reserved 1048576K
Event: 73.131 GC heap after
Heap after GC invocations=24 (full 2):
 PSYoungGen      total 144896K, used 3997K [0x00000000eab00000, 0x00000000f4880000, 0x0000000100000000)
  eden space 130560K, 0% used [0x00000000eab00000,0x00000000eab00000,0x00000000f2a80000)
  from space 14336K, 27% used [0x00000000f3a80000,0x00000000f3e677c8,0x00000000f4880000)
  to   space 15360K, 0% used [0x00000000f2a80000,0x00000000f2a80000,0x00000000f3980000)
 ParOldGen       total 46592K, used 37846K [0x00000000c0000000, 0x00000000c2d80000, 0x00000000eab00000)
  object space 46592K, 81% used [0x00000000c0000000,0x00000000c24f5918,0x00000000c2d80000)
 Metaspace       used 42833K, capacity 44450K, committed 44544K, reserved 1087488K
  class space    used 5918K, capacity 6313K, committed 6400K, reserved 1048576K
}
Event: 73.131 GC heap before
{Heap before GC invocations=25 (full 3):
 PSYoungGen      total 144896K, used 3997K [0x00000000eab00000, 0x00000000f4880000, 0x0000000100000000)
  eden space 130560K, 0% used [0x00000000eab00000,0x00000000eab00000,0x00000000f2a80000)
  from space 14336K, 27% used [0x00000000f3a80000,0x00000000f3e677c8,0x00000000f4880000)
  to   space 15360K, 0% used [0x00000000f2a80000,0x00000000f2a80000,0x00000000f3980000)
 ParOldGen       total 46592K, used 37846K [0x00000000c0000000, 0x00000000c2d80000, 0x00000000eab00000)
  object space 46592K, 81% used [0x00000000c0000000,0x00000000c24f5918,0x00000000c2d80000)
 Metaspace       used 42833K, capacity 44450K, committed 44544K, reserved 1087488K
  class space    used 5918K, capacity 6313K, committed 6400K, reserved 1048576K
Event: 73.910 GC heap after
Heap after GC invocations=25 (full 3):
 PSYoungGen      total 144896K, used 0K [0x00000000eab00000, 0x00000000f4880000, 0x0000000100000000)
  eden space 130560K, 0% used [0x00000000eab00000,0x00000000eab00000,0x00000000f2a80000)
  from space 14336K, 0% used [0x00000000f3a80000,0x00000000f3a80000,0x00000000f4880000)
  to   space 15360K, 0% used [0x00000000f2a80000,0x00000000f2a80000,0x00000000f3980000)
 ParOldGen       total 46592K, used 37461K [0x00000000c0000000, 0x00000000c2d80000, 0x00000000eab00000)
  object space 46592K, 80% used [0x00000000c0000000,0x00000000c2495578,0x00000000c2d80000)
 Metaspace       used 42833K, capacity 44450K, committed 44544K, reserved 1087488K
  class space    used 5918K, capacity 6313K, committed 6400K, reserved 1048576K
}
Event: 97.349 GC heap before
{Heap before GC invocations=26 (full 3):
 PSYoungGen      total 144896K, used 130289K [0x00000000eab00000, 0x00000000f4880000, 0x0000000100000000)
  eden space 130560K, 99% used [0x00000000eab00000,0x00000000f2a3c570,0x00000000f2a80000)
  from space 14336K, 0% used [0x00000000f3a80000,0x00000000f3a80000,0x00000000f4880000)
  to   space 15360K, 0% used [0x00000000f2a80000,0x00000000f2a80000,0x00000000f3980000)
 ParOldGen       total 46592K, used 37461K [0x00000000c0000000, 0x00000000c2d80000, 0x00000000eab00000)
  object space 46592K, 80% used [0x00000000c0000000,0x00000000c2495578,0x00000000c2d80000)
 Metaspace       used 46114K, capacity 47948K, committed 48128K, reserved 1091584K
  class space    used 6330K, capacity 6798K, committed 6912K, reserved 1048576K
Event: 97.394 GC heap after
Heap after GC invocations=26 (full 3):
 PSYoungGen      total 145920K, used 12522K [0x00000000eab00000, 0x00000000f6d00000, 0x0000000100000000)
  eden space 130560K, 0% used [0x00000000eab00000,0x00000000eab00000,0x00000000f2a80000)
  from space 15360K, 81% used [0x00000000f2a80000,0x00000000f36bab70,0x00000000f3980000)
  to   space 16896K, 0% used [0x00000000f5c80000,0x00000000f5c80000,0x00000000f6d00000)
 ParOldGen       total 46592K, used 37469K [0x00000000c0000000, 0x00000000c2d80000, 0x00000000eab00000)
  object space 46592K, 80% used [0x00000000c0000000,0x00000000c2497578,0x00000000c2d80000)
 Metaspace       used 46114K, capacity 47948K, committed 48128K, reserved 1091584K
  class space    used 6330K, capacity 6798K, committed 6912K, reserved 1048576K
}
Event: 3520.900 GC heap before
{Heap before GC invocations=27 (full 3):
 PSYoungGen      total 145920K, used 143082K [0x00000000eab00000, 0x00000000f6d00000, 0x0000000100000000)
  eden space 130560K, 100% used [0x00000000eab00000,0x00000000f2a80000,0x00000000f2a80000)
  from space 15360K, 81% used [0x00000000f2a80000,0x00000000f36bab70,0x00000000f3980000)
  to   space 16896K, 0% used [0x00000000f5c80000,0x00000000f5c80000,0x00000000f6d00000)
 ParOldGen       total 46592K, used 37469K [0x00000000c0000000, 0x00000000c2d80000, 0x00000000eab00000)
  object space 46592K, 80% used [0x00000000c0000000,0x00000000c2497578,0x00000000c2d80000)
 Metaspace       used 47098K, capacity 49208K, committed 49280K, reserved 1091584K
  class space    used 6458K, capacity 6979K, committed 7040K, reserved 1048576K

